2025/11/22 01:53:23 [notice] 1#1: using the "epoll" event method
2025/11/22 01:53:23 [notice] 1#1: nginx/1.29.3
2025/11/22 01:53:23 [notice] 1#1: built by gcc 14.2.0 (Debian 14.2.0-19) 
2025/11/22 01:53:23 [notice] 1#1: OS: Linux 6.10.14-linuxkit
2025/11/22 01:53:23 [notice] 1#1: getrlimit(RLIMIT_NOFILE): 1048576:1048576
2025/11/22 01:53:23 [notice] 1#1: start worker processes
2025/11/22 01:53:23 [notice] 1#1: start worker process 20
2025/11/22 01:53:23 [notice] 1#1: start worker process 21
2025/11/22 01:53:23 [notice] 1#1: start worker process 22
2025/11/22 01:53:23 [notice] 1#1: start worker process 23
2025/11/22 01:53:23 [notice] 1#1: start worker process 24
2025/11/22 01:53:23 [notice] 1#1: start worker process 25
2025/11/22 01:53:23 [notice] 1#1: start worker process 26
2025/11/22 01:53:23 [notice] 1#1: start worker process 27
2025/11/22 01:53:23 [notice] 1#1: start worker process 28
2025/11/22 01:53:23 [notice] 1#1: start worker process 29
2025/11/22 01:53:23 [notice] 1#1: start worker process 30
2025/11/22 01:53:23 [notice] 1#1: start worker process 31
2025/11/22 01:53:23 [notice] 1#1: start worker process 32
2025/11/22 01:53:23 [notice] 1#1: start worker process 33
2025/11/22 01:53:23 [notice] 1#1: start worker process 34
2025/11/22 01:53:23 [notice] 1#1: start worker process 35
2025/11/22 01:53:23 [notice] 1#1: start worker process 36
2025/11/22 01:53:23 [notice] 1#1: start worker process 37
2025/11/22 01:53:23 [notice] 1#1: start worker process 38
2025/11/22 01:53:23 [notice] 1#1: start worker process 39
2025/11/22 01:55:05 [notice] 1#1: signal 3 (SIGQUIT) received, shutting down
2025/11/22 01:55:05 [notice] 21#21: gracefully shutting down
2025/11/22 01:55:05 [notice] 20#20: gracefully shutting down
2025/11/22 01:55:05 [notice] 22#22: gracefully shutting down
2025/11/22 01:55:05 [notice] 23#23: gracefully shutting down
2025/11/22 01:55:05 [notice] 28#28: gracefully shutting down
2025/11/22 01:55:05 [notice] 28#28: exiting
2025/11/22 01:55:05 [notice] 26#26: gracefully shutting down
2025/11/22 01:55:05 [notice] 26#26: exiting
2025/11/22 01:55:05 [notice] 25#25: gracefully shutting down
2025/11/22 01:55:05 [notice] 30#30: gracefully shutting down
2025/11/22 01:55:05 [notice] 30#30: exiting
2025/11/22 01:55:05 [notice] 31#31: gracefully shutting down
2025/11/22 01:55:05 [notice] 34#34: gracefully shutting down
2025/11/22 01:55:05 [notice] 34#34: exiting
2025/11/22 01:55:05 [notice] 32#32: gracefully shutting down
2025/11/22 01:55:05 [notice] 35#35: gracefully shutting down
2025/11/22 01:55:05 [notice] 35#35: exiting
2025/11/22 01:55:05 [notice] 24#24: gracefully shutting down
2025/11/22 01:55:05 [notice] 29#29: gracefully shutting down
2025/11/22 01:55:05 [notice] 27#27: gracefully shutting down
2025/11/22 01:55:05 [notice] 37#37: gracefully shutting down
2025/11/22 01:55:05 [notice] 37#37: exiting
2025/11/22 01:55:05 [notice] 39#39: gracefully shutting down
2025/11/22 01:55:05 [notice] 39#39: exiting
2025/11/22 01:55:05 [notice] 38#38: gracefully shutting down
2025/11/22 01:55:05 [notice] 38#38: exiting
2025/11/22 01:55:05 [notice] 36#36: gracefully shutting down
2025/11/22 01:55:05 [notice] 33#33: gracefully shutting down
2025/11/22 01:55:05 [notice] 33#33: exiting
2025/11/22 01:55:05 [notice] 21#21: exiting
2025/11/22 01:55:05 [notice] 20#20: exiting
2025/11/22 01:55:05 [notice] 22#22: exiting
2025/11/22 01:55:05 [notice] 23#23: exiting
2025/11/22 01:55:05 [notice] 23#23: exit
2025/11/22 01:55:05 [notice] 28#28: exit
2025/11/22 01:55:05 [notice] 26#26: exit
2025/11/22 01:55:05 [notice] 25#25: exiting
2025/11/22 01:55:05 [notice] 30#30: exit
2025/11/22 01:55:05 [notice] 31#31: exiting
2025/11/22 01:55:05 [notice] 34#34: exit
2025/11/22 01:55:05 [notice] 32#32: exiting
2025/11/22 01:55:05 [notice] 35#35: exit
2025/11/22 01:55:05 [notice] 24#24: exiting
2025/11/22 01:55:05 [notice] 29#29: exiting
2025/11/22 01:55:05 [notice] 27#27: exiting
2025/11/22 01:55:05 [notice] 37#37: exit
2025/11/22 01:55:05 [notice] 39#39: exit
2025/11/22 01:55:05 [notice] 38#38: exit
2025/11/22 01:55:05 [notice] 36#36: exiting
2025/11/22 01:55:05 [notice] 33#33: exit
2025/11/22 01:55:05 [notice] 21#21: exit
2025/11/22 01:55:05 [notice] 20#20: exit
2025/11/22 01:55:05 [notice] 22#22: exit
2025/11/22 01:55:05 [notice] 25#25: exit
2025/11/22 01:55:05 [notice] 31#31: exit
2025/11/22 01:55:05 [notice] 32#32: exit
2025/11/22 01:55:05 [notice] 24#24: exit
2025/11/22 01:55:05 [notice] 29#29: exit
2025/11/22 01:55:05 [notice] 27#27: exit
2025/11/22 01:55:05 [notice] 36#36: exit
2025/11/22 01:55:05 [notice] 1#1: signal 17 (SIGCHLD) received from 30
2025/11/22 01:55:05 [notice] 1#1: worker process 30 exited with code 0
2025/11/22 01:55:05 [notice] 1#1: worker process 28 exited with code 0
2025/11/22 01:55:05 [notice] 1#1: worker process 26 exited with code 0
2025/11/22 01:55:05 [notice] 1#1: signal 29 (SIGIO) received
2025/11/22 01:55:05 [notice] 1#1: signal 17 (SIGCHLD) received from 28
2025/11/22 01:55:05 [notice] 1#1: signal 17 (SIGCHLD) received from 37
2025/11/22 01:55:05 [notice] 1#1: worker process 20 exited with code 0
2025/11/22 01:55:05 [notice] 1#1: worker process 37 exited with code 0
2025/11/22 01:55:05 [notice] 1#1: worker process 38 exited with code 0
2025/11/22 01:55:05 [notice] 1#1: signal 29 (SIGIO) received
2025/11/22 01:55:05 [notice] 1#1: signal 17 (SIGCHLD) received from 22
2025/11/22 01:55:05 [notice] 1#1: worker process 22 exited with code 0
2025/11/22 01:55:05 [notice] 1#1: worker process 33 exited with code 0
2025/11/22 01:55:05 [notice] 1#1: worker process 34 exited with code 0
2025/11/22 01:55:05 [notice] 1#1: signal 29 (SIGIO) received
2025/11/22 01:55:05 [notice] 1#1: signal 17 (SIGCHLD) received from 33
2025/11/22 01:55:05 [notice] 1#1: signal 17 (SIGCHLD) received from 32
2025/11/22 01:55:05 [notice] 1#1: worker process 25 exited with code 0
2025/11/22 01:55:05 [notice] 1#1: worker process 29 exited with code 0
2025/11/22 01:55:05 [notice] 1#1: worker process 32 exited with code 0
2025/11/22 01:55:05 [notice] 1#1: worker process 39 exited with code 0
2025/11/22 01:55:05 [notice] 1#1: signal 29 (SIGIO) received
2025/11/22 01:55:05 [notice] 1#1: signal 17 (SIGCHLD) received from 24
2025/11/22 01:55:05 [notice] 1#1: worker process 21 exited with code 0
2025/11/22 01:55:05 [notice] 1#1: worker process 23 exited with code 0
2025/11/22 01:55:05 [notice] 1#1: worker process 24 exited with code 0
2025/11/22 01:55:05 [notice] 1#1: worker process 35 exited with code 0
2025/11/22 01:55:05 [notice] 1#1: worker process 31 exited with code 0
2025/11/22 01:55:05 [notice] 1#1: signal 29 (SIGIO) received
2025/11/22 01:55:05 [notice] 1#1: signal 17 (SIGCHLD) received from 21
2025/11/22 01:55:05 [notice] 1#1: worker process 36 exited with code 0
2025/11/22 01:55:05 [notice] 1#1: signal 29 (SIGIO) received
2025/11/22 01:55:05 [notice] 1#1: signal 17 (SIGCHLD) received from 27
2025/11/22 01:55:05 [notice] 1#1: worker process 27 exited with code 0
2025/11/22 01:55:05 [notice] 1#1: exit
2025/11/22 01:56:20 [notice] 1#1: using the "epoll" event method
2025/11/22 01:56:20 [notice] 1#1: nginx/1.29.3
2025/11/22 01:56:20 [notice] 1#1: built by gcc 14.2.0 (Debian 14.2.0-19) 
2025/11/22 01:56:20 [notice] 1#1: OS: Linux 6.10.14-linuxkit
2025/11/22 01:56:20 [notice] 1#1: getrlimit(RLIMIT_NOFILE): 1048576:1048576
2025/11/22 01:56:20 [notice] 1#1: start worker processes
2025/11/22 01:56:20 [notice] 1#1: start worker process 20
2025/11/22 01:56:20 [notice] 1#1: start worker process 21
2025/11/22 01:56:20 [notice] 1#1: start worker process 22
2025/11/22 01:56:20 [notice] 1#1: start worker process 23
2025/11/22 01:56:20 [notice] 1#1: start worker process 24
2025/11/22 01:56:20 [notice] 1#1: start worker process 25
2025/11/22 01:56:20 [notice] 1#1: start worker process 26
2025/11/22 01:56:20 [notice] 1#1: start worker process 27
2025/11/22 01:56:20 [notice] 1#1: start worker process 28
2025/11/22 01:56:20 [notice] 1#1: start worker process 29
2025/11/22 01:56:20 [notice] 1#1: start worker process 30
2025/11/22 01:56:20 [notice] 1#1: start worker process 31
2025/11/22 01:56:20 [notice] 1#1: start worker process 32
2025/11/22 01:56:20 [notice] 1#1: start worker process 33
2025/11/22 01:56:20 [notice] 1#1: start worker process 34
2025/11/22 01:56:20 [notice] 1#1: start worker process 35
2025/11/22 01:56:20 [notice] 1#1: start worker process 36
2025/11/22 01:56:20 [notice] 1#1: start worker process 37
2025/11/22 01:56:20 [notice] 1#1: start worker process 38
2025/11/22 01:56:20 [notice] 1#1: start worker process 39
2025/11/22 02:14:13 [notice] 1#1: signal 3 (SIGQUIT) received, shutting down
2025/11/22 02:14:13 [notice] 20#20: gracefully shutting down
2025/11/22 02:14:13 [notice] 21#21: gracefully shutting down
2025/11/22 02:14:13 [notice] 25#25: gracefully shutting down
2025/11/22 02:14:13 [notice] 22#22: gracefully shutting down
2025/11/22 02:14:13 [notice] 24#24: gracefully shutting down
2025/11/22 02:14:13 [notice] 23#23: gracefully shutting down
2025/11/22 02:14:13 [notice] 27#27: gracefully shutting down
2025/11/22 02:14:13 [notice] 31#31: gracefully shutting down
2025/11/22 02:14:13 [notice] 35#35: gracefully shutting down
2025/11/22 02:14:13 [notice] 38#38: gracefully shutting down
2025/11/22 02:14:13 [notice] 26#26: gracefully shutting down
2025/11/22 02:14:13 [notice] 29#29: gracefully shutting down
2025/11/22 02:14:13 [notice] 28#28: gracefully shutting down
2025/11/22 02:14:13 [notice] 30#30: gracefully shutting down
2025/11/22 02:14:13 [notice] 39#39: gracefully shutting down
2025/11/22 02:14:13 [notice] 33#33: gracefully shutting down
2025/11/22 02:14:13 [notice] 32#32: gracefully shutting down
2025/11/22 02:14:13 [notice] 34#34: gracefully shutting down
2025/11/22 02:14:13 [notice] 37#37: gracefully shutting down
2025/11/22 02:14:13 [notice] 36#36: gracefully shutting down
2025/11/22 02:14:13 [notice] 20#20: exiting
2025/11/22 02:14:13 [notice] 21#21: exiting
2025/11/22 02:14:13 [notice] 25#25: exiting
2025/11/22 02:14:13 [notice] 22#22: exiting
2025/11/22 02:14:13 [notice] 24#24: exiting
2025/11/22 02:14:13 [notice] 23#23: exiting
2025/11/22 02:14:13 [notice] 27#27: exiting
2025/11/22 02:14:13 [notice] 27#27: exit
2025/11/22 02:14:13 [notice] 31#31: exiting
2025/11/22 02:14:13 [notice] 35#35: exiting
2025/11/22 02:14:13 [notice] 38#38: exiting
2025/11/22 02:14:13 [notice] 26#26: exiting
2025/11/22 02:14:13 [notice] 29#29: exiting
2025/11/22 02:14:13 [notice] 28#28: exiting
2025/11/22 02:14:13 [notice] 30#30: exiting
2025/11/22 02:14:13 [notice] 30#30: exit
2025/11/22 02:14:13 [notice] 39#39: exiting
2025/11/22 02:14:13 [notice] 33#33: exiting
2025/11/22 02:14:13 [notice] 33#33: exit
2025/11/22 02:14:13 [notice] 32#32: exiting
2025/11/22 02:14:13 [notice] 34#34: exiting
2025/11/22 02:14:13 [notice] 37#37: exiting
2025/11/22 02:14:13 [notice] 36#36: exiting
2025/11/22 02:14:13 [notice] 20#20: exit
2025/11/22 02:14:13 [notice] 21#21: exit
2025/11/22 02:14:13 [notice] 25#25: exit
2025/11/22 02:14:13 [notice] 22#22: exit
2025/11/22 02:14:13 [notice] 24#24: exit
2025/11/22 02:14:13 [notice] 23#23: exit
2025/11/22 02:14:13 [notice] 31#31: exit
2025/11/22 02:14:13 [notice] 35#35: exit
2025/11/22 02:14:13 [notice] 38#38: exit
2025/11/22 02:14:13 [notice] 26#26: exit
2025/11/22 02:14:13 [notice] 29#29: exit
2025/11/22 02:14:13 [notice] 28#28: exit
2025/11/22 02:14:13 [notice] 39#39: exit
2025/11/22 02:14:13 [notice] 32#32: exit
2025/11/22 02:14:13 [notice] 34#34: exit
2025/11/22 02:14:13 [notice] 37#37: exit
2025/11/22 02:14:13 [notice] 36#36: exit
2025/11/22 02:14:13 [notice] 1#1: signal 17 (SIGCHLD) received from 30
2025/11/22 02:14:13 [notice] 1#1: worker process 30 exited with code 0
2025/11/22 02:14:13 [notice] 1#1: signal 29 (SIGIO) received
2025/11/22 02:14:13 [notice] 1#1: signal 17 (SIGCHLD) received from 33
2025/11/22 02:14:13 [notice] 1#1: worker process 24 exited with code 0
2025/11/22 02:14:13 [notice] 1#1: worker process 33 exited with code 0
2025/11/22 02:14:13 [notice] 1#1: signal 29 (SIGIO) received
2025/11/22 02:14:13 [notice] 1#1: signal 17 (SIGCHLD) received from 38
2025/11/22 02:14:13 [notice] 1#1: worker process 20 exited with code 0
2025/11/22 02:14:13 [notice] 1#1: worker process 31 exited with code 0
2025/11/22 02:14:13 [notice] 1#1: worker process 32 exited with code 0
2025/11/22 02:14:13 [notice] 1#1: worker process 38 exited with code 0
2025/11/22 02:14:13 [notice] 1#1: worker process 26 exited with code 0
2025/11/22 02:14:13 [notice] 1#1: worker process 27 exited with code 0
2025/11/22 02:14:13 [notice] 1#1: signal 29 (SIGIO) received
2025/11/22 02:14:13 [notice] 1#1: signal 17 (SIGCHLD) received from 32
2025/11/22 02:14:13 [notice] 1#1: signal 17 (SIGCHLD) received from 37
2025/11/22 02:14:13 [notice] 1#1: worker process 23 exited with code 0
2025/11/22 02:14:13 [notice] 1#1: worker process 28 exited with code 0
2025/11/22 02:14:13 [notice] 1#1: worker process 29 exited with code 0
2025/11/22 02:14:13 [notice] 1#1: worker process 34 exited with code 0
2025/11/22 02:14:13 [notice] 1#1: worker process 35 exited with code 0
2025/11/22 02:14:13 [notice] 1#1: worker process 37 exited with code 0
2025/11/22 02:14:13 [notice] 1#1: signal 29 (SIGIO) received
2025/11/22 02:14:13 [notice] 1#1: signal 17 (SIGCHLD) received from 28
2025/11/22 02:14:13 [notice] 1#1: worker process 21 exited with code 0
2025/11/22 02:14:13 [notice] 1#1: worker process 22 exited with code 0
2025/11/22 02:14:13 [notice] 1#1: worker process 25 exited with code 0
2025/11/22 02:14:13 [notice] 1#1: signal 29 (SIGIO) received
2025/11/22 02:14:13 [notice] 1#1: signal 17 (SIGCHLD) received from 36
2025/11/22 02:14:13 [notice] 1#1: worker process 36 exited with code 0
2025/11/22 02:14:13 [notice] 1#1: worker process 39 exited with code 0
2025/11/22 02:14:13 [notice] 1#1: exit
2025/11/22 02:14:30 [notice] 1#1: using the "epoll" event method
2025/11/22 02:14:30 [notice] 1#1: nginx/1.29.3
2025/11/22 02:14:30 [notice] 1#1: built by gcc 14.2.0 (Debian 14.2.0-19) 
2025/11/22 02:14:30 [notice] 1#1: OS: Linux 6.10.14-linuxkit
2025/11/22 02:14:30 [notice] 1#1: getrlimit(RLIMIT_NOFILE): 1048576:1048576
2025/11/22 02:14:30 [notice] 1#1: start worker processes
2025/11/22 02:14:30 [notice] 1#1: start worker process 20
2025/11/22 02:14:30 [notice] 1#1: start worker process 21
2025/11/22 02:14:30 [notice] 1#1: start worker process 22
2025/11/22 02:14:30 [notice] 1#1: start worker process 23
2025/11/22 02:14:30 [notice] 1#1: start worker process 24
2025/11/22 02:14:30 [notice] 1#1: start worker process 25
2025/11/22 02:14:30 [notice] 1#1: start worker process 26
2025/11/22 02:14:30 [notice] 1#1: start worker process 27
2025/11/22 02:14:30 [notice] 1#1: start worker process 28
2025/11/22 02:14:30 [notice] 1#1: start worker process 29
2025/11/22 02:14:30 [notice] 1#1: start worker process 30
2025/11/22 02:14:30 [notice] 1#1: start worker process 31
2025/11/22 02:14:30 [notice] 1#1: start worker process 32
2025/11/22 02:14:30 [notice] 1#1: start worker process 33
2025/11/22 02:14:30 [notice] 1#1: start worker process 34
2025/11/22 02:14:30 [notice] 1#1: start worker process 35
2025/11/22 02:14:30 [notice] 1#1: start worker process 36
2025/11/22 02:14:30 [notice] 1#1: start worker process 37
2025/11/22 02:14:30 [notice] 1#1: start worker process 38
2025/11/22 02:14:30 [notice] 1#1: start worker process 39
2025/11/22 02:22:21 [notice] 1#1: signal 3 (SIGQUIT) received, shutting down
2025/11/22 02:22:21 [notice] 20#20: gracefully shutting down
2025/11/22 02:22:21 [notice] 21#21: gracefully shutting down
2025/11/22 02:22:21 [notice] 22#22: gracefully shutting down
2025/11/22 02:22:21 [notice] 24#24: gracefully shutting down
2025/11/22 02:22:21 [notice] 23#23: gracefully shutting down
2025/11/22 02:22:21 [notice] 28#28: gracefully shutting down
2025/11/22 02:22:21 [notice] 27#27: gracefully shutting down
2025/11/22 02:22:21 [notice] 29#29: gracefully shutting down
2025/11/22 02:22:21 [notice] 25#25: gracefully shutting down
2025/11/22 02:22:21 [notice] 26#26: gracefully shutting down
2025/11/22 02:22:21 [notice] 30#30: gracefully shutting down
2025/11/22 02:22:21 [notice] 35#35: gracefully shutting down
2025/11/22 02:22:21 [notice] 37#37: gracefully shutting down
2025/11/22 02:22:21 [notice] 36#36: gracefully shutting down
2025/11/22 02:22:21 [notice] 31#31: gracefully shutting down
2025/11/22 02:22:21 [notice] 32#32: gracefully shutting down
2025/11/22 02:22:21 [notice] 33#33: gracefully shutting down
2025/11/22 02:22:21 [notice] 38#38: gracefully shutting down
2025/11/22 02:22:21 [notice] 34#34: gracefully shutting down
2025/11/22 02:22:21 [notice] 39#39: gracefully shutting down
2025/11/22 02:22:21 [notice] 20#20: exiting
2025/11/22 02:22:21 [notice] 21#21: exiting
2025/11/22 02:22:21 [notice] 22#22: exiting
2025/11/22 02:22:21 [notice] 24#24: exiting
2025/11/22 02:22:21 [notice] 23#23: exiting
2025/11/22 02:22:21 [notice] 28#28: exiting
2025/11/22 02:22:21 [notice] 27#27: exiting
2025/11/22 02:22:21 [notice] 29#29: exiting
2025/11/22 02:22:21 [notice] 25#25: exiting
2025/11/22 02:22:21 [notice] 26#26: exiting
2025/11/22 02:22:21 [notice] 30#30: exiting
2025/11/22 02:22:21 [notice] 35#35: exiting
2025/11/22 02:22:21 [notice] 37#37: exiting
2025/11/22 02:22:21 [notice] 36#36: exiting
2025/11/22 02:22:21 [notice] 31#31: exiting
2025/11/22 02:22:21 [notice] 32#32: exiting
2025/11/22 02:22:21 [notice] 33#33: exiting
2025/11/22 02:22:21 [notice] 38#38: exiting
2025/11/22 02:22:21 [notice] 34#34: exiting
2025/11/22 02:22:21 [notice] 39#39: exiting
2025/11/22 02:22:21 [notice] 20#20: exit
2025/11/22 02:22:21 [notice] 21#21: exit
2025/11/22 02:22:21 [notice] 22#22: exit
2025/11/22 02:22:21 [notice] 24#24: exit
2025/11/22 02:22:21 [notice] 23#23: exit
2025/11/22 02:22:21 [notice] 28#28: exit
2025/11/22 02:22:21 [notice] 27#27: exit
2025/11/22 02:22:21 [notice] 29#29: exit
2025/11/22 02:22:21 [notice] 25#25: exit
2025/11/22 02:22:21 [notice] 26#26: exit
2025/11/22 02:22:21 [notice] 30#30: exit
2025/11/22 02:22:21 [notice] 35#35: exit
2025/11/22 02:22:21 [notice] 37#37: exit
2025/11/22 02:22:21 [notice] 36#36: exit
2025/11/22 02:22:21 [notice] 31#31: exit
2025/11/22 02:22:21 [notice] 32#32: exit
2025/11/22 02:22:21 [notice] 33#33: exit
2025/11/22 02:22:21 [notice] 38#38: exit
2025/11/22 02:22:21 [notice] 34#34: exit
2025/11/22 02:22:21 [notice] 39#39: exit
2025/11/22 02:22:21 [notice] 1#1: signal 17 (SIGCHLD) received from 22
2025/11/22 02:22:21 [notice] 1#1: worker process 21 exited with code 0
2025/11/22 02:22:21 [notice] 1#1: worker process 22 exited with code 0
2025/11/22 02:22:21 [notice] 1#1: worker process 24 exited with code 0
2025/11/22 02:22:21 [notice] 1#1: worker process 28 exited with code 0
2025/11/22 02:22:21 [notice] 1#1: signal 29 (SIGIO) received
2025/11/22 02:22:21 [notice] 1#1: signal 17 (SIGCHLD) received from 20
2025/11/22 02:22:21 [notice] 1#1: worker process 20 exited with code 0
2025/11/22 02:22:21 [notice] 1#1: worker process 36 exited with code 0
2025/11/22 02:22:21 [notice] 1#1: signal 29 (SIGIO) received
2025/11/22 02:22:21 [notice] 1#1: signal 17 (SIGCHLD) received from 26
2025/11/22 02:22:21 [notice] 1#1: worker process 23 exited with code 0
2025/11/22 02:22:21 [notice] 1#1: worker process 25 exited with code 0
2025/11/22 02:22:21 [notice] 1#1: worker process 26 exited with code 0
2025/11/22 02:22:21 [notice] 1#1: worker process 30 exited with code 0
2025/11/22 02:22:21 [notice] 1#1: worker process 32 exited with code 0
2025/11/22 02:22:21 [notice] 1#1: worker process 27 exited with code 0
2025/11/22 02:22:21 [notice] 1#1: worker process 33 exited with code 0
2025/11/22 02:22:21 [notice] 1#1: worker process 34 exited with code 0
2025/11/22 02:22:21 [notice] 1#1: worker process 35 exited with code 0
2025/11/22 02:22:21 [notice] 1#1: worker process 37 exited with code 0
2025/11/22 02:22:21 [notice] 1#1: worker process 38 exited with code 0
2025/11/22 02:22:21 [notice] 1#1: worker process 39 exited with code 0
2025/11/22 02:22:21 [notice] 1#1: signal 29 (SIGIO) received
2025/11/22 02:22:21 [notice] 1#1: signal 17 (SIGCHLD) received from 38
2025/11/22 02:22:21 [notice] 1#1: signal 17 (SIGCHLD) received from 29
2025/11/22 02:22:21 [notice] 1#1: worker process 29 exited with code 0
2025/11/22 02:22:21 [notice] 1#1: worker process 31 exited with code 0
2025/11/22 02:22:21 [notice] 1#1: exit
2025/11/22 02:22:30 [notice] 1#1: using the "epoll" event method
2025/11/22 02:22:30 [notice] 1#1: nginx/1.29.3
2025/11/22 02:22:30 [notice] 1#1: built by gcc 14.2.0 (Debian 14.2.0-19) 
2025/11/22 02:22:30 [notice] 1#1: OS: Linux 6.10.14-linuxkit
2025/11/22 02:22:30 [notice] 1#1: getrlimit(RLIMIT_NOFILE): 1048576:1048576
2025/11/22 02:22:30 [notice] 1#1: start worker processes
2025/11/22 02:22:30 [notice] 1#1: start worker process 20
2025/11/22 02:22:30 [notice] 1#1: start worker process 21
2025/11/22 02:22:30 [notice] 1#1: start worker process 22
2025/11/22 02:22:30 [notice] 1#1: start worker process 23
2025/11/22 02:22:30 [notice] 1#1: start worker process 24
2025/11/22 02:22:30 [notice] 1#1: start worker process 25
2025/11/22 02:22:30 [notice] 1#1: start worker process 26
2025/11/22 02:22:30 [notice] 1#1: start worker process 27
2025/11/22 02:22:30 [notice] 1#1: start worker process 28
2025/11/22 02:22:30 [notice] 1#1: start worker process 29
2025/11/22 02:22:30 [notice] 1#1: start worker process 30
2025/11/22 02:22:30 [notice] 1#1: start worker process 31
2025/11/22 02:22:30 [notice] 1#1: start worker process 32
2025/11/22 02:22:30 [notice] 1#1: start worker process 33
2025/11/22 02:22:30 [notice] 1#1: start worker process 34
2025/11/22 02:22:30 [notice] 1#1: start worker process 35
2025/11/22 02:22:30 [notice] 1#1: start worker process 36
2025/11/22 02:22:30 [notice] 1#1: start worker process 37
2025/11/22 02:22:30 [notice] 1#1: start worker process 38
2025/11/22 02:22:30 [notice] 1#1: start worker process 39
2025/11/22 02:31:41 [notice] 1#1: signal 3 (SIGQUIT) received, shutting down
2025/11/22 02:31:41 [notice] 20#20: gracefully shutting down
2025/11/22 02:31:41 [notice] 21#21: gracefully shutting down
2025/11/22 02:31:41 [notice] 24#24: gracefully shutting down
2025/11/22 02:31:41 [notice] 24#24: exiting
2025/11/22 02:31:41 [notice] 22#22: gracefully shutting down
2025/11/22 02:31:41 [notice] 26#26: gracefully shutting down
2025/11/22 02:31:41 [notice] 23#23: gracefully shutting down
2025/11/22 02:31:41 [notice] 25#25: gracefully shutting down
2025/11/22 02:31:41 [notice] 30#30: gracefully shutting down
2025/11/22 02:31:41 [notice] 30#30: exiting
2025/11/22 02:31:41 [notice] 27#27: gracefully shutting down
2025/11/22 02:31:41 [notice] 28#28: gracefully shutting down
2025/11/22 02:31:41 [notice] 31#31: gracefully shutting down
2025/11/22 02:31:41 [notice] 37#37: gracefully shutting down
2025/11/22 02:31:41 [notice] 34#34: gracefully shutting down
2025/11/22 02:31:41 [notice] 38#38: gracefully shutting down
2025/11/22 02:31:41 [notice] 39#39: gracefully shutting down
2025/11/22 02:31:41 [notice] 29#29: gracefully shutting down
2025/11/22 02:31:41 [notice] 29#29: exiting
2025/11/22 02:31:41 [notice] 36#36: gracefully shutting down
2025/11/22 02:31:41 [notice] 35#35: gracefully shutting down
2025/11/22 02:31:41 [notice] 32#32: gracefully shutting down
2025/11/22 02:31:41 [notice] 33#33: gracefully shutting down
2025/11/22 02:31:41 [notice] 33#33: exiting
2025/11/22 02:31:41 [notice] 20#20: exiting
2025/11/22 02:31:41 [notice] 21#21: exiting
2025/11/22 02:31:41 [notice] 24#24: exit
2025/11/22 02:31:41 [notice] 22#22: exiting
2025/11/22 02:31:41 [notice] 26#26: exiting
2025/11/22 02:31:41 [notice] 23#23: exiting
2025/11/22 02:31:41 [notice] 25#25: exiting
2025/11/22 02:31:41 [notice] 30#30: exit
2025/11/22 02:31:41 [notice] 27#27: exiting
2025/11/22 02:31:41 [notice] 28#28: exiting
2025/11/22 02:31:41 [notice] 31#31: exiting
2025/11/22 02:31:41 [notice] 37#37: exiting
2025/11/22 02:31:41 [notice] 34#34: exiting
2025/11/22 02:31:41 [notice] 38#38: exiting
2025/11/22 02:31:41 [notice] 39#39: exiting
2025/11/22 02:31:41 [notice] 29#29: exit
2025/11/22 02:31:41 [notice] 36#36: exiting
2025/11/22 02:31:41 [notice] 35#35: exiting
2025/11/22 02:31:41 [notice] 32#32: exiting
2025/11/22 02:31:41 [notice] 33#33: exit
2025/11/22 02:31:41 [notice] 20#20: exit
2025/11/22 02:31:41 [notice] 21#21: exit
2025/11/22 02:31:41 [notice] 22#22: exit
2025/11/22 02:31:41 [notice] 26#26: exit
2025/11/22 02:31:41 [notice] 23#23: exit
2025/11/22 02:31:41 [notice] 25#25: exit
2025/11/22 02:31:41 [notice] 27#27: exit
2025/11/22 02:31:41 [notice] 28#28: exit
2025/11/22 02:31:41 [notice] 31#31: exit
2025/11/22 02:31:41 [notice] 37#37: exit
2025/11/22 02:31:41 [notice] 34#34: exit
2025/11/22 02:31:41 [notice] 38#38: exit
2025/11/22 02:31:41 [notice] 39#39: exit
2025/11/22 02:31:41 [notice] 36#36: exit
2025/11/22 02:31:41 [notice] 35#35: exit
2025/11/22 02:31:41 [notice] 32#32: exit
2025/11/22 02:31:41 [notice] 1#1: signal 17 (SIGCHLD) received from 24
2025/11/22 02:31:41 [notice] 1#1: worker process 24 exited with code 0
2025/11/22 02:31:41 [notice] 1#1: signal 29 (SIGIO) received
2025/11/22 02:31:41 [notice] 1#1: signal 17 (SIGCHLD) received from 30
2025/11/22 02:31:41 [notice] 1#1: worker process 20 exited with code 0
2025/11/22 02:31:41 [notice] 1#1: worker process 30 exited with code 0
2025/11/22 02:31:41 [notice] 1#1: worker process 38 exited with code 0
2025/11/22 02:31:41 [notice] 1#1: signal 29 (SIGIO) received
2025/11/22 02:31:41 [notice] 1#1: signal 17 (SIGCHLD) received from 20
2025/11/22 02:31:41 [notice] 1#1: signal 17 (SIGCHLD) received from 33
2025/11/22 02:31:41 [notice] 1#1: worker process 29 exited with code 0
2025/11/22 02:31:41 [notice] 1#1: worker process 33 exited with code 0
2025/11/22 02:31:41 [notice] 1#1: signal 29 (SIGIO) received
2025/11/22 02:31:41 [notice] 1#1: signal 17 (SIGCHLD) received from 25
2025/11/22 02:31:41 [notice] 1#1: worker process 25 exited with code 0
2025/11/22 02:31:41 [notice] 1#1: worker process 32 exited with code 0
2025/11/22 02:31:41 [notice] 1#1: signal 29 (SIGIO) received
2025/11/22 02:31:41 [notice] 1#1: signal 17 (SIGCHLD) received from 26
2025/11/22 02:31:41 [notice] 1#1: worker process 26 exited with code 0
2025/11/22 02:31:41 [notice] 1#1: worker process 27 exited with code 0
2025/11/22 02:31:41 [notice] 1#1: worker process 39 exited with code 0
2025/11/22 02:31:41 [notice] 1#1: signal 29 (SIGIO) received
2025/11/22 02:31:41 [notice] 1#1: signal 17 (SIGCHLD) received from 39
2025/11/22 02:31:41 [notice] 1#1: worker process 34 exited with code 0
2025/11/22 02:31:41 [notice] 1#1: worker process 35 exited with code 0
2025/11/22 02:31:41 [notice] 1#1: worker process 21 exited with code 0
2025/11/22 02:31:41 [notice] 1#1: worker process 23 exited with code 0
2025/11/22 02:31:41 [notice] 1#1: worker process 31 exited with code 0
2025/11/22 02:31:41 [notice] 1#1: worker process 28 exited with code 0
2025/11/22 02:31:41 [notice] 1#1: worker process 22 exited with code 0
2025/11/22 02:31:41 [notice] 1#1: worker process 36 exited with code 0
2025/11/22 02:31:41 [notice] 1#1: worker process 37 exited with code 0
2025/11/22 02:31:41 [notice] 1#1: exit
